[2020-02-08 01:07:53] local.ERROR: SQLSTATE[42S01]: Base table or view already exists: 1050 Table 'telescope_entries' already exists (SQL: create table `telescope_entries` (`sequence` bigint unsigned not null auto_increment primary key, `uuid` char(36) not null, `batch_id` char(36) not null, `family_hash` varchar(255) null, `should_display_on_index` tinyint(1) not null default '1', `type` varchar(20) not null, `content` longtext not null, `created_at` datetime null) default character set utf8mb4 collate 'utf8mb4_unicode_ci') {"exception":"[object] (Illuminate\\Database\\QueryException(code: 42S01): SQLSTATE[42S01]: Base table or view already exists: 1050 Table 'telescope_entries' already exists (SQL: create table `telescope_entries` (`sequence` bigint unsigned not null auto_increment primary key, `uuid` char(36) not null, `batch_id` char(36) not null, `family_hash` varchar(255) null, `should_display_on_index` tinyint(1) not null default '1', `type` varchar(20) not null, `content` longtext not null, `created_at` datetime null) default character set utf8mb4 collate 'utf8mb4_unicode_ci') at C:\\Users\\Full Moon\\Downloads\\Compressed\\okar-assigment-master\\vendor\\laravel\\framework\\src\\Illuminate\\Database\\Connection.php:669)
[stacktrace]
#0 C:\\Users\\Full Moon\\Downloads\\Compressed\\okar-assigment-master\\vendor\\laravel\\framework\\src\\Illuminate\\Database\\Connection.php(629): Illuminate\\Database\\Connection->runQueryCallback('create table `t...', Array, Object(Closure))
#1 C:\\Users\\Full Moon\\Downloads\\Compressed\\okar-assigment-master\\vendor\\laravel\\framework\\src\\Illuminate\\Database\\Connection.php(464): Illuminate\\Database\\Connection->run('create table `t...', Array, Object(Closure))
#2 C:\\Users\\Full Moon\\Downloads\\Compressed\\okar-assigment-master\\vendor\\laravel\\framework\\src\\Illuminate\\Database\\Schema\\Blueprint.php(97): Illuminate\\Database\\Connection->statement('create table `t...')
#3 C:\\Users\\Full Moon\\Downloads\\Compressed\\okar-assigment-master\\vendor\\laravel\\framework\\src\\Illuminate\\Database\\Schema\\Builder.php(290): Illuminate\\Database\\Schema\\Blueprint->build(Object(Illuminate\\Database\\MySqlConnection), Object(Illuminate\\Database\\Schema\\Grammars\\MySqlGrammar))
#4 C:\\Users\\Full Moon\\Downloads\\Compressed\\okar-assigment-master\\vendor\\laravel\\framework\\src\\Illuminate\\Database\\Schema\\Builder.php(167): Illuminate\\Database\\Schema\\Builder->build(Object(Illuminate\\Database\\Schema\\Blueprint))
#5 C:\\Users\\Full Moon\\Downloads\\Compressed\\okar-assigment-master\\vendor\\laravel\\telescope\\src\\Storage\\migrations\\2018_08_08_100000_create_telescope_entries_table.php(56): Illuminate\\Database\\Schema\\Builder->create('telescope_entri...', Object(Closure))
#6 C:\\Users\\Full Moon\\Downloads\\Compressed\\okar-assigment-master\\vendor\\laravel\\framework\\src\\Illuminate\\Database\\Migrations\\Migrator.php(387): CreateTelescopeEntriesTable->up()
#7 C:\\Users\\Full Moon\\Downloads\\Compressed\\okar-assigment-master\\vendor\\laravel\\framework\\src\\Illuminate\\Database\\Migrations\\Migrator.php(396): Illuminate\\Database\\Migrations\\Migrator->Illuminate\\Database\\Migrations\\{closure}()
#8 C:\\Users\\Full Moon\\Downloads\\Compressed\\okar-assigment-master\\vendor\\laravel\\framework\\src\\Illuminate\\Database\\Migrations\\Migrator.php(197): Illuminate\\Database\\Migrations\\Migrator->runMigration(Object(CreateTelescopeEntriesTable), 'up')
#9 C:\\Users\\Full Moon\\Downloads\\Compressed\\okar-assigment-master\\vendor\\laravel\\framework\\src\\Illuminate\\Database\\Migrations\\Migrator.php(162): Illuminate\\Database\\Migrations\\Migrator->runUp('C:\\\\Users\\\\Full M...', 1, false)
#10 C:\\Users\\Full Moon\\Downloads\\Compressed\\okar-assigment-master\\vendor\\laravel\\framework\\src\\Illuminate\\Database\\Migrations\\Migrator.php(109): Illuminate\\Database\\Migrations\\Migrator->runPending(Array, Array)
#11 C:\\Users\\Full Moon\\Downloads\\Compressed\\okar-assigment-master\\vendor\\laravel\\framework\\src\\Illuminate\\Database\\Console\\Migrations\\MigrateCommand.php(71): Illuminate\\Database\\Migrations\\Migrator->run(Array, Array)
#12 [internal function]: Illuminate\\Database\\Console\\Migrations\\MigrateCommand->handle()
#13 C:\\Users\\Full Moon\\Downloads\\Compressed\\okar-assigment-master\\vendor\\laravel\\framework\\src\\Illuminate\\Container\\BoundMethod.php(32): call_user_func_array(Array, Array)
#14 C:\\Users\\Full Moon\\Downloads\\Compressed\\okar-assigment-master\\vendor\\laravel\\framework\\src\\Illuminate\\Container\\Util.php(36): Illuminate\\Container\\BoundMethod::Illuminate\\Container\\{closure}()
#15 C:\\Users\\Full Moon\\Downloads\\Compressed\\okar-assigment-master\\vendor\\laravel\\framework\\src\\Illuminate\\Container\\BoundMethod.php(90): Illuminate\\Container\\Util::unwrapIfClosure(Object(Closure))
#16 C:\\Users\\Full Moon\\Downloads\\Compressed\\okar-assigment-master\\vendor\\laravel\\framework\\src\\Illuminate\\Container\\BoundMethod.php(34): Illuminate\\Container\\BoundMethod::callBoundMethod(Object(Illuminate\\Foundation\\Application), Array, Object(Closure))
#17 C:\\Users\\Full Moon\\Downloads\\Compressed\\okar-assigment-master\\vendor\\laravel\\framework\\src\\Illuminate\\Container\\Container.php(590): Illuminate\\Container\\BoundMethod::call(Object(Illuminate\\Foundation\\Application), Array, Array, NULL)
#18 C:\\Users\\Full Moon\\Downloads\\Compressed\\okar-assigment-master\\vendor\\laravel\\framework\\src\\Illuminate\\Console\\Command.php(201): Illuminate\\Container\\Container->call(Array)
#19 C:\\Users\\Full Moon\\Downloads\\Compressed\\okar-assigment-master\\vendor\\symfony\\console\\Command\\Command.php(255): Illuminate\\Console\\Command->execute(Object(Symfony\\Component\\Console\\Input\\ArgvInput), Object(Illuminate\\Console\\OutputStyle))
#20 C:\\Users\\Full Moon\\Downloads\\Compressed\\okar-assigment-master\\vendor\\laravel\\framework\\src\\Illuminate\\Console\\Command.php(188): Symfony\\Component\\Console\\Command\\Command->run(Object(Symfony\\Component\\Console\\Input\\ArgvInput), Object(Illuminate\\Console\\OutputStyle))
#21 C:\\Users\\Full Moon\\Downloads\\Compressed\\okar-assigment-master\\vendor\\symfony\\console\\Application.php(1012): Illuminate\\Console\\Command->run(Object(Symfony\\Component\\Console\\Input\\ArgvInput), Object(Symfony\\Component\\Console\\Output\\ConsoleOutput))
#22 C:\\Users\\Full Moon\\Downloads\\Compressed\\okar-assigment-master\\vendor\\symfony\\console\\Application.php(272): Symfony\\Component\\Console\\Application->doRunCommand(Object(Illuminate\\Database\\Console\\Migrations\\MigrateCommand), Object(Symfony\\Component\\Console\\Input\\ArgvInput), Object(Symfony\\Component\\Console\\Output\\ConsoleOutput))
#23 C:\\Users\\Full Moon\\Downloads\\Compressed\\okar-assigment-master\\vendor\\symfony\\console\\Application.php(148): Symfony\\Component\\Console\\Application->doRun(Object(Symfony\\Component\\Console\\Input\\ArgvInput), Object(Symfony\\Component\\Console\\Output\\ConsoleOutput))
#24 C:\\Users\\Full Moon\\Downloads\\Compressed\\okar-assigment-master\\vendor\\laravel\\framework\\src\\Illuminate\\Console\\Application.php(93): Symfony\\Component\\Console\\Application->run(Object(Symfony\\Component\\Console\\Input\\ArgvInput), Object(Symfony\\Component\\Console\\Output\\ConsoleOutput))
#25 C:\\Users\\Full Moon\\Downloads\\Compressed\\okar-assigment-master\\vendor\\laravel\\framework\\src\\Illuminate\\Foundation\\Console\\Kernel.php(131): Illuminate\\Console\\Application->run(Object(Symfony\\Component\\Console\\Input\\ArgvInput), Object(Symfony\\Component\\Console\\Output\\ConsoleOutput))
#26 C:\\Users\\Full Moon\\Downloads\\Compressed\\okar-assigment-master\\artisan(37): Illuminate\\Foundation\\Console\\Kernel->handle(Object(Symfony\\Component\\Console\\Input\\ArgvInput), Object(Symfony\\Component\\Console\\Output\\ConsoleOutput))
#27 {main}

[previous exception] [object] (PDOException(code: 42S01): SQLSTATE[42S01]: Base table or view already exists: 1050 Table 'telescope_entries' already exists at C:\\Users\\Full Moon\\Downloads\\Compressed\\okar-assigment-master\\vendor\\laravel\\framework\\src\\Illuminate\\Database\\Connection.php:463)
[stacktrace]
#0 C:\\Users\\Full Moon\\Downloads\\Compressed\\okar-assigment-master\\vendor\\laravel\\framework\\src\\Illuminate\\Database\\Connection.php(463): PDOStatement->execute()
#1 C:\\Users\\Full Moon\\Downloads\\Compressed\\okar-assigment-master\\vendor\\laravel\\framework\\src\\Illuminate\\Database\\Connection.php(662): Illuminate\\Database\\Connection->Illuminate\\Database\\{closure}('create table `t...', Array)
#2 C:\\Users\\Full Moon\\Downloads\\Compressed\\okar-assigment-master\\vendor\\laravel\\framework\\src\\Illuminate\\Database\\Connection.php(629): Illuminate\\Database\\Connection->runQueryCallback('create table `t...', Array, Object(Closure))
#3 C:\\Users\\Full Moon\\Downloads\\Compressed\\okar-assigment-master\\vendor\\laravel\\framework\\src\\Illuminate\\Database\\Connection.php(464): Illuminate\\Database\\Connection->run('create table `t...', Array, Object(Closure))
#4 C:\\Users\\Full Moon\\Downloads\\Compressed\\okar-assigment-master\\vendor\\laravel\\framework\\src\\Illuminate\\Database\\Schema\\Blueprint.php(97): Illuminate\\Database\\Connection->statement('create table `t...')
#5 C:\\Users\\Full Moon\\Downloads\\Compressed\\okar-assigment-master\\vendor\\laravel\\framework\\src\\Illuminate\\Database\\Schema\\Builder.php(290): Illuminate\\Database\\Schema\\Blueprint->build(Object(Illuminate\\Database\\MySqlConnection), Object(Illuminate\\Database\\Schema\\Grammars\\MySqlGrammar))
#6 C:\\Users\\Full Moon\\Downloads\\Compressed\\okar-assigment-master\\vendor\\laravel\\framework\\src\\Illuminate\\Database\\Schema\\Builder.php(167): Illuminate\\Database\\Schema\\Builder->build(Object(Illuminate\\Database\\Schema\\Blueprint))
#7 C:\\Users\\Full Moon\\Downloads\\Compressed\\okar-assigment-master\\vendor\\laravel\\telescope\\src\\Storage\\migrations\\2018_08_08_100000_create_telescope_entries_table.php(56): Illuminate\\Database\\Schema\\Builder->create('telescope_entri...', Object(Closure))
#8 C:\\Users\\Full Moon\\Downloads\\Compressed\\okar-assigment-master\\vendor\\laravel\\framework\\src\\Illuminate\\Database\\Migrations\\Migrator.php(387): CreateTelescopeEntriesTable->up()
#9 C:\\Users\\Full Moon\\Downloads\\Compressed\\okar-assigment-master\\vendor\\laravel\\framework\\src\\Illuminate\\Database\\Migrations\\Migrator.php(396): Illuminate\\Database\\Migrations\\Migrator->Illuminate\\Database\\Migrations\\{closure}()
#10 C:\\Users\\Full Moon\\Downloads\\Compressed\\okar-assigment-master\\vendor\\laravel\\framework\\src\\Illuminate\\Database\\Migrations\\Migrator.php(197): Illuminate\\Database\\Migrations\\Migrator->runMigration(Object(CreateTelescopeEntriesTable), 'up')
#11 C:\\Users\\Full Moon\\Downloads\\Compressed\\okar-assigment-master\\vendor\\laravel\\framework\\src\\Illuminate\\Database\\Migrations\\Migrator.php(162): Illuminate\\Database\\Migrations\\Migrator->runUp('C:\\\\Users\\\\Full M...', 1, false)
#12 C:\\Users\\Full Moon\\Downloads\\Compressed\\okar-assigment-master\\vendor\\laravel\\framework\\src\\Illuminate\\Database\\Migrations\\Migrator.php(109): Illuminate\\Database\\Migrations\\Migrator->runPending(Array, Array)
#13 C:\\Users\\Full Moon\\Downloads\\Compressed\\okar-assigment-master\\vendor\\laravel\\framework\\src\\Illuminate\\Database\\Console\\Migrations\\MigrateCommand.php(71): Illuminate\\Database\\Migrations\\Migrator->run(Array, Array)
#14 [internal function]: Illuminate\\Database\\Console\\Migrations\\MigrateCommand->handle()
#15 C:\\Users\\Full Moon\\Downloads\\Compressed\\okar-assigment-master\\vendor\\laravel\\framework\\src\\Illuminate\\Container\\BoundMethod.php(32): call_user_func_array(Array, Array)
#16 C:\\Users\\Full Moon\\Downloads\\Compressed\\okar-assigment-master\\vendor\\laravel\\framework\\src\\Illuminate\\Container\\Util.php(36): Illuminate\\Container\\BoundMethod::Illuminate\\Container\\{closure}()
#17 C:\\Users\\Full Moon\\Downloads\\Compressed\\okar-assigment-master\\vendor\\laravel\\framework\\src\\Illuminate\\Container\\BoundMethod.php(90): Illuminate\\Container\\Util::unwrapIfClosure(Object(Closure))
#18 C:\\Users\\Full Moon\\Downloads\\Compressed\\okar-assigment-master\\vendor\\laravel\\framework\\src\\Illuminate\\Container\\BoundMethod.php(34): Illuminate\\Container\\BoundMethod::callBoundMethod(Object(Illuminate\\Foundation\\Application), Array, Object(Closure))
#19 C:\\Users\\Full Moon\\Downloads\\Compressed\\okar-assigment-master\\vendor\\laravel\\framework\\src\\Illuminate\\Container\\Container.php(590): Illuminate\\Container\\BoundMethod::call(Object(Illuminate\\Foundation\\Application), Array, Array, NULL)
#20 C:\\Users\\Full Moon\\Downloads\\Compressed\\okar-assigment-master\\vendor\\laravel\\framework\\src\\Illuminate\\Console\\Command.php(201): Illuminate\\Container\\Container->call(Array)
#21 C:\\Users\\Full Moon\\Downloads\\Compressed\\okar-assigment-master\\vendor\\symfony\\console\\Command\\Command.php(255): Illuminate\\Console\\Command->execute(Object(Symfony\\Component\\Console\\Input\\ArgvInput), Object(Illuminate\\Console\\OutputStyle))
#22 C:\\Users\\Full Moon\\Downloads\\Compressed\\okar-assigment-master\\vendor\\laravel\\framework\\src\\Illuminate\\Console\\Command.php(188): Symfony\\Component\\Console\\Command\\Command->run(Object(Symfony\\Component\\Console\\Input\\ArgvInput), Object(Illuminate\\Console\\OutputStyle))
#23 C:\\Users\\Full Moon\\Downloads\\Compressed\\okar-assigment-master\\vendor\\symfony\\console\\Application.php(1012): Illuminate\\Console\\Command->run(Object(Symfony\\Component\\Console\\Input\\ArgvInput), Object(Symfony\\Component\\Console\\Output\\ConsoleOutput))
#24 C:\\Users\\Full Moon\\Downloads\\Compressed\\okar-assigment-master\\vendor\\symfony\\console\\Application.php(272): Symfony\\Component\\Console\\Application->doRunCommand(Object(Illuminate\\Database\\Console\\Migrations\\MigrateCommand), Object(Symfony\\Component\\Console\\Input\\ArgvInput), Object(Symfony\\Component\\Console\\Output\\ConsoleOutput))
#25 C:\\Users\\Full Moon\\Downloads\\Compressed\\okar-assigment-master\\vendor\\symfony\\console\\Application.php(148): Symfony\\Component\\Console\\Application->doRun(Object(Symfony\\Component\\Console\\Input\\ArgvInput), Object(Symfony\\Component\\Console\\Output\\ConsoleOutput))
#26 C:\\Users\\Full Moon\\Downloads\\Compressed\\okar-assigment-master\\vendor\\laravel\\framework\\src\\Illuminate\\Console\\Application.php(93): Symfony\\Component\\Console\\Application->run(Object(Symfony\\Component\\Console\\Input\\ArgvInput), Object(Symfony\\Component\\Console\\Output\\ConsoleOutput))
#27 C:\\Users\\Full Moon\\Downloads\\Compressed\\okar-assigment-master\\vendor\\laravel\\framework\\src\\Illuminate\\Foundation\\Console\\Kernel.php(131): Illuminate\\Console\\Application->run(Object(Symfony\\Component\\Console\\Input\\ArgvInput), Object(Symfony\\Component\\Console\\Output\\ConsoleOutput))
#28 C:\\Users\\Full Moon\\Downloads\\Compressed\\okar-assigment-master\\artisan(37): Illuminate\\Foundation\\Console\\Kernel->handle(Object(Symfony\\Component\\Console\\Input\\ArgvInput), Object(Symfony\\Component\\Console\\Output\\ConsoleOutput))
#29 {main}
"} 
[2020-02-08 01:07:53] local.ERROR: SQLSTATE[42S02]: Base table or view not found: 1146 Table 'hwassg.telescope_entries_tags' doesn't exist (SQL: insert into `telescope_entries_tags` (`entry_uuid`, `tag`) values (8fcd69dc-e7bb-4687-858f-740c61d72374, slow), (8fcd69dd-a936-4d51-95b2-cfb59cc7ba99, slow), (8fcd69de-2dee-4b56-94bb-eac7f30a9b81, slow), (8fcd69de-acb9-4757-bb9a-7d2afde1d15c, slow), (8fcd69df-2f9c-4f2f-8106-fb9ec8a92d11, slow)) {"exception":"[object] (Illuminate\\Database\\QueryException(code: 42S02): SQLSTATE[42S02]: Base table or view not found: 1146 Table 'hwassg.telescope_entries_tags' doesn't exist (SQL: insert into `telescope_entries_tags` (`entry_uuid`, `tag`) values (8fcd69dc-e7bb-4687-858f-740c61d72374, slow), (8fcd69dd-a936-4d51-95b2-cfb59cc7ba99, slow), (8fcd69de-2dee-4b56-94bb-eac7f30a9b81, slow), (8fcd69de-acb9-4757-bb9a-7d2afde1d15c, slow), (8fcd69df-2f9c-4f2f-8106-fb9ec8a92d11, slow)) at C:\\Users\\Full Moon\\Downloads\\Compressed\\okar-assigment-master\\vendor\\laravel\\framework\\src\\Illuminate\\Database\\Connection.php:669)
[stacktrace]
#0 C:\\Users\\Full Moon\\Downloads\\Compressed\\okar-assigment-master\\vendor\\laravel\\framework\\src\\Illuminate\\Database\\Connection.php(629): Illuminate\\Database\\Connection->runQueryCallback('insert into `te...', Array, Object(Closure))
#1 C:\\Users\\Full Moon\\Downloads\\Compressed\\okar-assigment-master\\vendor\\laravel\\framework\\src\\Illuminate\\Database\\Connection.php(464): Illuminate\\Database\\Connection->run('insert into `te...', Array, Object(Closure))
#2 C:\\Users\\Full Moon\\Downloads\\Compressed\\okar-assigment-master\\vendor\\laravel\\framework\\src\\Illuminate\\Database\\Connection.php(416): Illuminate\\Database\\Connection->statement('insert into `te...', Array)
#3 C:\\Users\\Full Moon\\Downloads\\Compressed\\okar-assigment-master\\vendor\\laravel\\framework\\src\\Illuminate\\Database\\Query\\Builder.php(2628): Illuminate\\Database\\Connection->insert('insert into `te...', Array)
#4 C:\\Users\\Full Moon\\Downloads\\Compressed\\okar-assigment-master\\vendor\\laravel\\telescope\\src\\Storage\\DatabaseEntriesRepository.php(199): Illuminate\\Database\\Query\\Builder->insert(Array)
#5 C:\\Users\\Full Moon\\Downloads\\Compressed\\okar-assigment-master\\vendor\\laravel\\framework\\src\\Illuminate\\Support\\Traits\\EnumeratesValues.php(176): Laravel\\Telescope\\Storage\\DatabaseEntriesRepository->Laravel\\Telescope\\Storage\\{closure}(Object(Illuminate\\Support\\Collection), 0)
#6 C:\\Users\\Full Moon\\Downloads\\Compressed\\okar-assigment-master\\vendor\\laravel\\telescope\\src\\Storage\\DatabaseEntriesRepository.php(200): Illuminate\\Support\\Collection->each(Object(Closure))
#7 C:\\Users\\Full Moon\\Downloads\\Compressed\\okar-assigment-master\\vendor\\laravel\\telescope\\src\\Storage\\DatabaseEntriesRepository.php(151): Laravel\\Telescope\\Storage\\DatabaseEntriesRepository->storeTags(Object(Illuminate\\Support\\Collection))
#8 C:\\Users\\Full Moon\\Downloads\\Compressed\\okar-assigment-master\\vendor\\laravel\\telescope\\src\\Telescope.php(568): Laravel\\Telescope\\Storage\\DatabaseEntriesRepository->store(Object(Illuminate\\Support\\Collection))
#9 C:\\Users\\Full Moon\\Downloads\\Compressed\\okar-assigment-master\\vendor\\laravel\\telescope\\src\\ListensForStorageOpportunities.php(44): Laravel\\Telescope\\Telescope::store(Object(Laravel\\Telescope\\Storage\\DatabaseEntriesRepository))
#10 [internal function]: Laravel\\Telescope\\Telescope::Laravel\\Telescope\\{closure}()
#11 C:\\Users\\Full Moon\\Downloads\\Compressed\\okar-assigment-master\\vendor\\laravel\\framework\\src\\Illuminate\\Container\\BoundMethod.php(32): call_user_func_array(Object(Closure), Array)
#12 C:\\Users\\Full Moon\\Downloads\\Compressed\\okar-assigment-master\\vendor\\laravel\\framework\\src\\Illuminate\\Container\\Util.php(36): Illuminate\\Container\\BoundMethod::Illuminate\\Container\\{closure}()
#13 C:\\Users\\Full Moon\\Downloads\\Compressed\\okar-assigment-master\\vendor\\laravel\\framework\\src\\Illuminate\\Container\\BoundMethod.php(78): Illuminate\\Container\\Util::unwrapIfClosure(Object(Closure))
#14 C:\\Users\\Full Moon\\Downloads\\Compressed\\okar-assigment-master\\vendor\\laravel\\framework\\src\\Illuminate\\Container\\BoundMethod.php(34): Illuminate\\Container\\BoundMethod::callBoundMethod(Object(Illuminate\\Foundation\\Application), Object(Closure), Object(Closure))
#15 C:\\Users\\Full Moon\\Downloads\\Compressed\\okar-assigment-master\\vendor\\laravel\\framework\\src\\Illuminate\\Container\\Container.php(590): Illuminate\\Container\\BoundMethod::call(Object(Illuminate\\Foundation\\Application), Object(Closure), Array, NULL)
#16 C:\\Users\\Full Moon\\Downloads\\Compressed\\okar-assigment-master\\vendor\\laravel\\framework\\src\\Illuminate\\Foundation\\Application.php(1047): Illuminate\\Container\\Container->call(Object(Closure))
#17 C:\\Users\\Full Moon\\Downloads\\Compressed\\okar-assigment-master\\vendor\\laravel\\framework\\src\\Illuminate\\Foundation\\Console\\Kernel.php(158): Illuminate\\Foundation\\Application->terminate()
#18 C:\\Users\\Full Moon\\Downloads\\Compressed\\okar-assigment-master\\artisan(51): Illuminate\\Foundation\\Console\\Kernel->terminate(Object(Symfony\\Component\\Console\\Input\\ArgvInput), 1)
#19 {main}

[previous exception] [object] (PDOException(code: 42S02): SQLSTATE[42S02]: Base table or view not found: 1146 Table 'hwassg.telescope_entries_tags' doesn't exist at C:\\Users\\Full Moon\\Downloads\\Compressed\\okar-assigment-master\\vendor\\laravel\\framework\\src\\Illuminate\\Database\\Connection.php:457)
[stacktrace]
#0 C:\\Users\\Full Moon\\Downloads\\Compressed\\okar-assigment-master\\vendor\\laravel\\framework\\src\\Illuminate\\Database\\Connection.php(457): PDO->prepare('insert into `te...')
#1 C:\\Users\\Full Moon\\Downloads\\Compressed\\okar-assigment-master\\vendor\\laravel\\framework\\src\\Illuminate\\Database\\Connection.php(662): Illuminate\\Database\\Connection->Illuminate\\Database\\{closure}('insert into `te...', Array)
#2 C:\\Users\\Full Moon\\Downloads\\Compressed\\okar-assigment-master\\vendor\\laravel\\framework\\src\\Illuminate\\Database\\Connection.php(629): Illuminate\\Database\\Connection->runQueryCallback('insert into `te...', Array, Object(Closure))
#3 C:\\Users\\Full Moon\\Downloads\\Compressed\\okar-assigment-master\\vendor\\laravel\\framework\\src\\Illuminate\\Database\\Connection.php(464): Illuminate\\Database\\Connection->run('insert into `te...', Array, Object(Closure))
#4 C:\\Users\\Full Moon\\Downloads\\Compressed\\okar-assigment-master\\vendor\\laravel\\framework\\src\\Illuminate\\Database\\Connection.php(416): Illuminate\\Database\\Connection->statement('insert into `te...', Array)
#5 C:\\Users\\Full Moon\\Downloads\\Compressed\\okar-assigment-master\\vendor\\laravel\\framework\\src\\Illuminate\\Database\\Query\\Builder.php(2628): Illuminate\\Database\\Connection->insert('insert into `te...', Array)
#6 C:\\Users\\Full Moon\\Downloads\\Compressed\\okar-assigment-master\\vendor\\laravel\\telescope\\src\\Storage\\DatabaseEntriesRepository.php(199): Illuminate\\Database\\Query\\Builder->insert(Array)
#7 C:\\Users\\Full Moon\\Downloads\\Compressed\\okar-assigment-master\\vendor\\laravel\\framework\\src\\Illuminate\\Support\\Traits\\EnumeratesValues.php(176): Laravel\\Telescope\\Storage\\DatabaseEntriesRepository->Laravel\\Telescope\\Storage\\{closure}(Object(Illuminate\\Support\\Collection), 0)
#8 C:\\Users\\Full Moon\\Downloads\\Compressed\\okar-assigment-master\\vendor\\laravel\\telescope\\src\\Storage\\DatabaseEntriesRepository.php(200): Illuminate\\Support\\Collection->each(Object(Closure))
#9 C:\\Users\\Full Moon\\Downloads\\Compressed\\okar-assigment-master\\vendor\\laravel\\telescope\\src\\Storage\\DatabaseEntriesRepository.php(151): Laravel\\Telescope\\Storage\\DatabaseEntriesRepository->storeTags(Object(Illuminate\\Support\\Collection))
#10 C:\\Users\\Full Moon\\Downloads\\Compressed\\okar-assigment-master\\vendor\\laravel\\telescope\\src\\Telescope.php(568): Laravel\\Telescope\\Storage\\DatabaseEntriesRepository->store(Object(Illuminate\\Support\\Collection))
#11 C:\\Users\\Full Moon\\Downloads\\Compressed\\okar-assigment-master\\vendor\\laravel\\telescope\\src\\ListensForStorageOpportunities.php(44): Laravel\\Telescope\\Telescope::store(Object(Laravel\\Telescope\\Storage\\DatabaseEntriesRepository))
#12 [internal function]: Laravel\\Telescope\\Telescope::Laravel\\Telescope\\{closure}()
#13 C:\\Users\\Full Moon\\Downloads\\Compressed\\okar-assigment-master\\vendor\\laravel\\framework\\src\\Illuminate\\Container\\BoundMethod.php(32): call_user_func_array(Object(Closure), Array)
#14 C:\\Users\\Full Moon\\Downloads\\Compressed\\okar-assigment-master\\vendor\\laravel\\framework\\src\\Illuminate\\Container\\Util.php(36): Illuminate\\Container\\BoundMethod::Illuminate\\Container\\{closure}()
#15 C:\\Users\\Full Moon\\Downloads\\Compressed\\okar-assigment-master\\vendor\\laravel\\framework\\src\\Illuminate\\Container\\BoundMethod.php(78): Illuminate\\Container\\Util::unwrapIfClosure(Object(Closure))
#16 C:\\Users\\Full Moon\\Downloads\\Compressed\\okar-assigment-master\\vendor\\laravel\\framework\\src\\Illuminate\\Container\\BoundMethod.php(34): Illuminate\\Container\\BoundMethod::callBoundMethod(Object(Illuminate\\Foundation\\Application), Object(Closure), Object(Closure))
#17 C:\\Users\\Full Moon\\Downloads\\Compressed\\okar-assigment-master\\vendor\\laravel\\framework\\src\\Illuminate\\Container\\Container.php(590): Illuminate\\Container\\BoundMethod::call(Object(Illuminate\\Foundation\\Application), Object(Closure), Array, NULL)
#18 C:\\Users\\Full Moon\\Downloads\\Compressed\\okar-assigment-master\\vendor\\laravel\\framework\\src\\Illuminate\\Foundation\\Application.php(1047): Illuminate\\Container\\Container->call(Object(Closure))
#19 C:\\Users\\Full Moon\\Downloads\\Compressed\\okar-assigment-master\\vendor\\laravel\\framework\\src\\Illuminate\\Foundation\\Console\\Kernel.php(158): Illuminate\\Foundation\\Application->terminate()
#20 C:\\Users\\Full Moon\\Downloads\\Compressed\\okar-assigment-master\\artisan(51): Illuminate\\Foundation\\Console\\Kernel->terminate(Object(Symfony\\Component\\Console\\Input\\ArgvInput), 1)
#21 {main}
"} 
[2020-02-08 01:08:10] local.ERROR: SQLSTATE[42S01]: Base table or view already exists: 1050 Table 'telescope_entries' already exists (SQL: create table `telescope_entries` (`sequence` bigint unsigned not null auto_increment primary key, `uuid` char(36) not null, `batch_id` char(36) not null, `family_hash` varchar(255) null, `should_display_on_index` tinyint(1) not null default '1', `type` varchar(20) not null, `content` longtext not null, `created_at` datetime null) default character set utf8mb4 collate 'utf8mb4_unicode_ci') {"exception":"[object] (Illuminate\\Database\\QueryException(code: 42S01): SQLSTATE[42S01]: Base table or view already exists: 1050 Table 'telescope_entries' already exists (SQL: create table `telescope_entries` (`sequence` bigint unsigned not null auto_increment primary key, `uuid` char(36) not null, `batch_id` char(36) not null, `family_hash` varchar(255) null, `should_display_on_index` tinyint(1) not null default '1', `type` varchar(20) not null, `content` longtext not null, `created_at` datetime null) default character set utf8mb4 collate 'utf8mb4_unicode_ci') at C:\\Users\\Full Moon\\Downloads\\Compressed\\okar-assigment-master\\vendor\\laravel\\framework\\src\\Illuminate\\Database\\Connection.php:669)
[stacktrace]
#0 C:\\Users\\Full Moon\\Downloads\\Compressed\\okar-assigment-master\\vendor\\laravel\\framework\\src\\Illuminate\\Database\\Connection.php(629): Illuminate\\Database\\Connection->runQueryCallback('create table `t...', Array, Object(Closure))
#1 C:\\Users\\Full Moon\\Downloads\\Compressed\\okar-assigment-master\\vendor\\laravel\\framework\\src\\Illuminate\\Database\\Connection.php(464): Illuminate\\Database\\Connection->run('create table `t...', Array, Object(Closure))
#2 C:\\Users\\Full Moon\\Downloads\\Compressed\\okar-assigment-master\\vendor\\laravel\\framework\\src\\Illuminate\\Database\\Schema\\Blueprint.php(97): Illuminate\\Database\\Connection->statement('create table `t...')
#3 C:\\Users\\Full Moon\\Downloads\\Compressed\\okar-assigment-master\\vendor\\laravel\\framework\\src\\Illuminate\\Database\\Schema\\Builder.php(290): Illuminate\\Database\\Schema\\Blueprint->build(Object(Illuminate\\Database\\MySqlConnection), Object(Illuminate\\Database\\Schema\\Grammars\\MySqlGrammar))
#4 C:\\Users\\Full Moon\\Downloads\\Compressed\\okar-assigment-master\\vendor\\laravel\\framework\\src\\Illuminate\\Database\\Schema\\Builder.php(167): Illuminate\\Database\\Schema\\Builder->build(Object(Illuminate\\Database\\Schema\\Blueprint))
#5 C:\\Users\\Full Moon\\Downloads\\Compressed\\okar-assigment-master\\vendor\\laravel\\telescope\\src\\Storage\\migrations\\2018_08_08_100000_create_telescope_entries_table.php(56): Illuminate\\Database\\Schema\\Builder->create('telescope_entri...', Object(Closure))
#6 C:\\Users\\Full Moon\\Downloads\\Compressed\\okar-assigment-master\\vendor\\laravel\\framework\\src\\Illuminate\\Database\\Migrations\\Migrator.php(387): CreateTelescopeEntriesTable->up()
#7 C:\\Users\\Full Moon\\Downloads\\Compressed\\okar-assigment-master\\vendor\\laravel\\framework\\src\\Illuminate\\Database\\Migrations\\Migrator.php(396): Illuminate\\Database\\Migrations\\Migrator->Illuminate\\Database\\Migrations\\{closure}()
#8 C:\\Users\\Full Moon\\Downloads\\Compressed\\okar-assigment-master\\vendor\\laravel\\framework\\src\\Illuminate\\Database\\Migrations\\Migrator.php(197): Illuminate\\Database\\Migrations\\Migrator->runMigration(Object(CreateTelescopeEntriesTable), 'up')
#9 C:\\Users\\Full Moon\\Downloads\\Compressed\\okar-assigment-master\\vendor\\laravel\\framework\\src\\Illuminate\\Database\\Migrations\\Migrator.php(162): Illuminate\\Database\\Migrations\\Migrator->runUp('C:\\\\Users\\\\Full M...', 2, false)
#10 C:\\Users\\Full Moon\\Downloads\\Compressed\\okar-assigment-master\\vendor\\laravel\\framework\\src\\Illuminate\\Database\\Migrations\\Migrator.php(109): Illuminate\\Database\\Migrations\\Migrator->runPending(Array, Array)
#11 C:\\Users\\Full Moon\\Downloads\\Compressed\\okar-assigment-master\\vendor\\laravel\\framework\\src\\Illuminate\\Database\\Console\\Migrations\\MigrateCommand.php(71): Illuminate\\Database\\Migrations\\Migrator->run(Array, Array)
#12 [internal function]: Illuminate\\Database\\Console\\Migrations\\MigrateCommand->handle()
#13 C:\\Users\\Full Moon\\Downloads\\Compressed\\okar-assigment-master\\vendor\\laravel\\framework\\src\\Illuminate\\Container\\BoundMethod.php(32): call_user_func_array(Array, Array)
#14 C:\\Users\\Full Moon\\Downloads\\Compressed\\okar-assigment-master\\vendor\\laravel\\framework\\src\\Illuminate\\Container\\Util.php(36): Illuminate\\Container\\BoundMethod::Illuminate\\Container\\{closure}()
#15 C:\\Users\\Full Moon\\Downloads\\Compressed\\okar-assigment-master\\vendor\\laravel\\framework\\src\\Illuminate\\Container\\BoundMethod.php(90): Illuminate\\Container\\Util::unwrapIfClosure(Object(Closure))
#16 C:\\Users\\Full Moon\\Downloads\\Compressed\\okar-assigment-master\\vendor\\laravel\\framework\\src\\Illuminate\\Container\\BoundMethod.php(34): Illuminate\\Container\\BoundMethod::callBoundMethod(Object(Illuminate\\Foundation\\Application), Array, Object(Closure))
#17 C:\\Users\\Full Moon\\Downloads\\Compressed\\okar-assigment-master\\vendor\\laravel\\framework\\src\\Illuminate\\Container\\Container.php(590): Illuminate\\Container\\BoundMethod::call(Object(Illuminate\\Foundation\\Application), Array, Array, NULL)
#18 C:\\Users\\Full Moon\\Downloads\\Compressed\\okar-assigment-master\\vendor\\laravel\\framework\\src\\Illuminate\\Console\\Command.php(201): Illuminate\\Container\\Container->call(Array)
#19 C:\\Users\\Full Moon\\Downloads\\Compressed\\okar-assigment-master\\vendor\\symfony\\console\\Command\\Command.php(255): Illuminate\\Console\\Command->execute(Object(Symfony\\Component\\Console\\Input\\ArgvInput), Object(Illuminate\\Console\\OutputStyle))
#20 C:\\Users\\Full Moon\\Downloads\\Compressed\\okar-assigment-master\\vendor\\laravel\\framework\\src\\Illuminate\\Console\\Command.php(188): Symfony\\Component\\Console\\Command\\Command->run(Object(Symfony\\Component\\Console\\Input\\ArgvInput), Object(Illuminate\\Console\\OutputStyle))
#21 C:\\Users\\Full Moon\\Downloads\\Compressed\\okar-assigment-master\\vendor\\symfony\\console\\Application.php(1012): Illuminate\\Console\\Command->run(Object(Symfony\\Component\\Console\\Input\\ArgvInput), Object(Symfony\\Component\\Console\\Output\\ConsoleOutput))
#22 C:\\Users\\Full Moon\\Downloads\\Compressed\\okar-assigment-master\\vendor\\symfony\\console\\Application.php(272): Symfony\\Component\\Console\\Application->doRunCommand(Object(Illuminate\\Database\\Console\\Migrations\\MigrateCommand), Object(Symfony\\Component\\Console\\Input\\ArgvInput), Object(Symfony\\Component\\Console\\Output\\ConsoleOutput))
#23 C:\\Users\\Full Moon\\Downloads\\Compressed\\okar-assigment-master\\vendor\\symfony\\console\\Application.php(148): Symfony\\Component\\Console\\Application->doRun(Object(Symfony\\Component\\Console\\Input\\ArgvInput), Object(Symfony\\Component\\Console\\Output\\ConsoleOutput))
#24 C:\\Users\\Full Moon\\Downloads\\Compressed\\okar-assigment-master\\vendor\\laravel\\framework\\src\\Illuminate\\Console\\Application.php(93): Symfony\\Component\\Console\\Application->run(Object(Symfony\\Component\\Console\\Input\\ArgvInput), Object(Symfony\\Component\\Console\\Output\\ConsoleOutput))
#25 C:\\Users\\Full Moon\\Downloads\\Compressed\\okar-assigment-master\\vendor\\laravel\\framework\\src\\Illuminate\\Foundation\\Console\\Kernel.php(131): Illuminate\\Console\\Application->run(Object(Symfony\\Component\\Console\\Input\\ArgvInput), Object(Symfony\\Component\\Console\\Output\\ConsoleOutput))
#26 C:\\Users\\Full Moon\\Downloads\\Compressed\\okar-assigment-master\\artisan(37): Illuminate\\Foundation\\Console\\Kernel->handle(Object(Symfony\\Component\\Console\\Input\\ArgvInput), Object(Symfony\\Component\\Console\\Output\\ConsoleOutput))
#27 {main}

[previous exception] [object] (PDOException(code: 42S01): SQLSTATE[42S01]: Base table or view already exists: 1050 Table 'telescope_entries' already exists at C:\\Users\\Full Moon\\Downloads\\Compressed\\okar-assigment-master\\vendor\\laravel\\framework\\src\\Illuminate\\Database\\Connection.php:463)
[stacktrace]
#0 C:\\Users\\Full Moon\\Downloads\\Compressed\\okar-assigment-master\\vendor\\laravel\\framework\\src\\Illuminate\\Database\\Connection.php(463): PDOStatement->execute()
#1 C:\\Users\\Full Moon\\Downloads\\Compressed\\okar-assigment-master\\vendor\\laravel\\framework\\src\\Illuminate\\Database\\Connection.php(662): Illuminate\\Database\\Connection->Illuminate\\Database\\{closure}('create table `t...', Array)
#2 C:\\Users\\Full Moon\\Downloads\\Compressed\\okar-assigment-master\\vendor\\laravel\\framework\\src\\Illuminate\\Database\\Connection.php(629): Illuminate\\Database\\Connection->runQueryCallback('create table `t...', Array, Object(Closure))
#3 C:\\Users\\Full Moon\\Downloads\\Compressed\\okar-assigment-master\\vendor\\laravel\\framework\\src\\Illuminate\\Database\\Connection.php(464): Illuminate\\Database\\Connection->run('create table `t...', Array, Object(Closure))
#4 C:\\Users\\Full Moon\\Downloads\\Compressed\\okar-assigment-master\\vendor\\laravel\\framework\\src\\Illuminate\\Database\\Schema\\Blueprint.php(97): Illuminate\\Database\\Connection->statement('create table `t...')
#5 C:\\Users\\Full Moon\\Downloads\\Compressed\\okar-assigment-master\\vendor\\laravel\\framework\\src\\Illuminate\\Database\\Schema\\Builder.php(290): Illuminate\\Database\\Schema\\Blueprint->build(Object(Illuminate\\Database\\MySqlConnection), Object(Illuminate\\Database\\Schema\\Grammars\\MySqlGrammar))
#6 C:\\Users\\Full Moon\\Downloads\\Compressed\\okar-assigment-master\\vendor\\laravel\\framework\\src\\Illuminate\\Database\\Schema\\Builder.php(167): Illuminate\\Database\\Schema\\Builder->build(Object(Illuminate\\Database\\Schema\\Blueprint))
#7 C:\\Users\\Full Moon\\Downloads\\Compressed\\okar-assigment-master\\vendor\\laravel\\telescope\\src\\Storage\\migrations\\2018_08_08_100000_create_telescope_entries_table.php(56): Illuminate\\Database\\Schema\\Builder->create('telescope_entri...', Object(Closure))
#8 C:\\Users\\Full Moon\\Downloads\\Compressed\\okar-assigment-master\\vendor\\laravel\\framework\\src\\Illuminate\\Database\\Migrations\\Migrator.php(387): CreateTelescopeEntriesTable->up()
#9 C:\\Users\\Full Moon\\Downloads\\Compressed\\okar-assigment-master\\vendor\\laravel\\framework\\src\\Illuminate\\Database\\Migrations\\Migrator.php(396): Illuminate\\Database\\Migrations\\Migrator->Illuminate\\Database\\Migrations\\{closure}()
#10 C:\\Users\\Full Moon\\Downloads\\Compressed\\okar-assigment-master\\vendor\\laravel\\framework\\src\\Illuminate\\Database\\Migrations\\Migrator.php(197): Illuminate\\Database\\Migrations\\Migrator->runMigration(Object(CreateTelescopeEntriesTable), 'up')
#11 C:\\Users\\Full Moon\\Downloads\\Compressed\\okar-assigment-master\\vendor\\laravel\\framework\\src\\Illuminate\\Database\\Migrations\\Migrator.php(162): Illuminate\\Database\\Migrations\\Migrator->runUp('C:\\\\Users\\\\Full M...', 2, false)
#12 C:\\Users\\Full Moon\\Downloads\\Compressed\\okar-assigment-master\\vendor\\laravel\\framework\\src\\Illuminate\\Database\\Migrations\\Migrator.php(109): Illuminate\\Database\\Migrations\\Migrator->runPending(Array, Array)
#13 C:\\Users\\Full Moon\\Downloads\\Compressed\\okar-assigment-master\\vendor\\laravel\\framework\\src\\Illuminate\\Database\\Console\\Migrations\\MigrateCommand.php(71): Illuminate\\Database\\Migrations\\Migrator->run(Array, Array)
#14 [internal function]: Illuminate\\Database\\Console\\Migrations\\MigrateCommand->handle()
#15 C:\\Users\\Full Moon\\Downloads\\Compressed\\okar-assigment-master\\vendor\\laravel\\framework\\src\\Illuminate\\Container\\BoundMethod.php(32): call_user_func_array(Array, Array)
#16 C:\\Users\\Full Moon\\Downloads\\Compressed\\okar-assigment-master\\vendor\\laravel\\framework\\src\\Illuminate\\Container\\Util.php(36): Illuminate\\Container\\BoundMethod::Illuminate\\Container\\{closure}()
#17 C:\\Users\\Full Moon\\Downloads\\Compressed\\okar-assigment-master\\vendor\\laravel\\framework\\src\\Illuminate\\Container\\BoundMethod.php(90): Illuminate\\Container\\Util::unwrapIfClosure(Object(Closure))
#18 C:\\Users\\Full Moon\\Downloads\\Compressed\\okar-assigment-master\\vendor\\laravel\\framework\\src\\Illuminate\\Container\\BoundMethod.php(34): Illuminate\\Container\\BoundMethod::callBoundMethod(Object(Illuminate\\Foundation\\Application), Array, Object(Closure))
#19 C:\\Users\\Full Moon\\Downloads\\Compressed\\okar-assigment-master\\vendor\\laravel\\framework\\src\\Illuminate\\Container\\Container.php(590): Illuminate\\Container\\BoundMethod::call(Object(Illuminate\\Foundation\\Application), Array, Array, NULL)
#20 C:\\Users\\Full Moon\\Downloads\\Compressed\\okar-assigment-master\\vendor\\laravel\\framework\\src\\Illuminate\\Console\\Command.php(201): Illuminate\\Container\\Container->call(Array)
#21 C:\\Users\\Full Moon\\Downloads\\Compressed\\okar-assigment-master\\vendor\\symfony\\console\\Command\\Command.php(255): Illuminate\\Console\\Command->execute(Object(Symfony\\Component\\Console\\Input\\ArgvInput), Object(Illuminate\\Console\\OutputStyle))
#22 C:\\Users\\Full Moon\\Downloads\\Compressed\\okar-assigment-master\\vendor\\laravel\\framework\\src\\Illuminate\\Console\\Command.php(188): Symfony\\Component\\Console\\Command\\Command->run(Object(Symfony\\Component\\Console\\Input\\ArgvInput), Object(Illuminate\\Console\\OutputStyle))
#23 C:\\Users\\Full Moon\\Downloads\\Compressed\\okar-assigment-master\\vendor\\symfony\\console\\Application.php(1012): Illuminate\\Console\\Command->run(Object(Symfony\\Component\\Console\\Input\\ArgvInput), Object(Symfony\\Component\\Console\\Output\\ConsoleOutput))
#24 C:\\Users\\Full Moon\\Downloads\\Compressed\\okar-assigment-master\\vendor\\symfony\\console\\Application.php(272): Symfony\\Component\\Console\\Application->doRunCommand(Object(Illuminate\\Database\\Console\\Migrations\\MigrateCommand), Object(Symfony\\Component\\Console\\Input\\ArgvInput), Object(Symfony\\Component\\Console\\Output\\ConsoleOutput))
#25 C:\\Users\\Full Moon\\Downloads\\Compressed\\okar-assigment-master\\vendor\\symfony\\console\\Application.php(148): Symfony\\Component\\Console\\Application->doRun(Object(Symfony\\Component\\Console\\Input\\ArgvInput), Object(Symfony\\Component\\Console\\Output\\ConsoleOutput))
#26 C:\\Users\\Full Moon\\Downloads\\Compressed\\okar-assigment-master\\vendor\\laravel\\framework\\src\\Illuminate\\Console\\Application.php(93): Symfony\\Component\\Console\\Application->run(Object(Symfony\\Component\\Console\\Input\\ArgvInput), Object(Symfony\\Component\\Console\\Output\\ConsoleOutput))
#27 C:\\Users\\Full Moon\\Downloads\\Compressed\\okar-assigment-master\\vendor\\laravel\\framework\\src\\Illuminate\\Foundation\\Console\\Kernel.php(131): Illuminate\\Console\\Application->run(Object(Symfony\\Component\\Console\\Input\\ArgvInput), Object(Symfony\\Component\\Console\\Output\\ConsoleOutput))
#28 C:\\Users\\Full Moon\\Downloads\\Compressed\\okar-assigment-master\\artisan(37): Illuminate\\Foundation\\Console\\Kernel->handle(Object(Symfony\\Component\\Console\\Input\\ArgvInput), Object(Symfony\\Component\\Console\\Output\\ConsoleOutput))
#29 {main}
"} 
